<?xml version="1.0" encoding="UTF-8"?>
<!-- Generated by org.testng.reporters.JUnitReportReporter -->
<testsuite hostname="DESKTOP-M85GF2G" failures="0" tests="1" name="TestCases.SubmitReviewTest" time="28.240" errors="0" timestamp="2019-12-28T13:30:51 IST" skipped="0">
  <testcase classname="TestCases.SubmitReviewTest" name="init" time="28.240"/>
</testsuite> <!-- TestCases.SubmitReviewTest -->
